[21:42:27] [Server thread/INFO]: Starting minecraft server version 1.8.8
[21:42:27] [Server thread/INFO]: Loading properties
[21:42:27] [Server thread/INFO]: Default game type: SURVIVAL
[21:42:27] [Server thread/INFO]: This server is running CraftBukkit version git-PaperSpigot-445 (MC: 1.8.8) (Implementing API version 1.8.8-R0.1-SNAPSHOT)
[21:42:27] [Server thread/INFO]: Debug logging is disabled
[21:42:27] [Server thread/INFO]: Spigot Timings: true - Verbose: true - Interval: 5m - Length: 60m
[21:42:27] [Server thread/INFO]: Server Ping Player Sample Count: 12

[21:42:27] [Server thread/INFO]: Using 4 threads for Netty based IO
[21:42:27] [Server thread/INFO]: Data value allowed items: 
[21:42:27] [Server thread/WARN]: java.lang.NoSuchFieldException: modifiers

[21:42:27] [Server thread/WARN]: 	at java.base/java.lang.Class.getDeclaredField(Class.java:2782)

[21:42:27] [Server thread/WARN]: 	at org.github.paperspigot.PaperSpigotConfig.stackableBuckets(PaperSpigotConfig.java:192)

[21:42:27] [Server thread/WARN]: 	at java.base/jdk.internal.reflect.DirectMethodHandleAccessor.invoke(DirectMethodHandleAccessor.java:103)

[21:42:27] [Server thread/WARN]: 	at java.base/java.lang.reflect.Method.invoke(Method.java:580)

[21:42:27] [Server thread/WARN]: 	at org.github.paperspigot.PaperSpigotConfig.readConfig(PaperSpigotConfig.java:84)

[21:42:27] [Server thread/WARN]: 	at org.github.paperspigot.PaperSpigotConfig.init(PaperSpigotConfig.java:62)

[21:42:27] [Server thread/WARN]: 	at net.minecraft.server.v1_8_R3.DedicatedServer.init(DedicatedServer.java:181)

[21:42:27] [Server thread/WARN]: 	at net.minecraft.server.v1_8_R3.MinecraftServer.run(MinecraftServer.java:563)

[21:42:27] [Server thread/WARN]: 	at java.base/java.lang.Thread.run(Thread.java:1583)

[21:42:27] [Server thread/INFO]: Generating keypair
[21:42:28] [Server thread/INFO]: Starting Minecraft server on localhost:25565
[21:42:28] [Server thread/INFO]: Your platform does not provide complete low-level API for accessing direct buffers reliably. Unless explicitly requested, heap buffer will always be preferred to avoid potential system unstability.
[21:42:28] [Server thread/INFO]: Using default channel type
[21:42:28] [Server thread/INFO]: Set PluginClassLoader as parallel capable
[21:42:28] [Server thread/INFO]: [SimpleTpa] Loading SimpleTpa v6.4
[21:42:28] [Server thread/INFO]: [SimpleHomes] Loading SimpleHomes v2.2
[21:42:28] [Server thread/INFO]: [WorldEdit] Loading WorldEdit v6.1;no_git_id
[21:42:28] [Server thread/INFO]: [LoginSecurity] Loading LoginSecurity v3.2.0
[21:42:28] [Server thread/WARN]: **** SERVER IS RUNNING IN OFFLINE/INSECURE MODE!
[21:42:28] [Server thread/WARN]: The server will make no attempt to authenticate usernames. Beware.
[21:42:28] [Server thread/WARN]: Whilst this makes it possible to use BungeeCord, unless access to your server is properly restricted, it also opens up the ability for hackers to connect with any username they choose.
[21:42:28] [Server thread/WARN]: Please see http://www.spigotmc.org/wiki/firewall-guide/ for further information.
[21:42:28] [Server thread/WARN]: To change this, set "online-mode" to "true" in the server.properties file.
[21:42:28] [Server thread/INFO]: **** Beginning UUID conversion, this may take A LONG time ****
[21:42:28] [Server thread/INFO]: Preparing level "world"
[21:42:28] [Server thread/INFO]: -------- World Settings For [world] --------
[21:42:28] [Server thread/INFO]: Anti X-Ray: true
[21:42:28] [Server thread/INFO]: 	Engine Mode: 1
[21:42:28] [Server thread/INFO]: 	Hidden Blocks: [14, 15, 16, 21, 48, 49, 54, 56, 73, 74, 82, 129, 130]
[21:42:28] [Server thread/INFO]: 	Replace Blocks: [1, 5]
[21:42:28] [Server thread/INFO]: Mob Spawn Range: 4
[21:42:28] [Server thread/INFO]: Nerfing mobs spawned from spawners: false
[21:42:28] [Server thread/INFO]: Cactus Growth Modifier: 100%
[21:42:28] [Server thread/INFO]: Cane Growth Modifier: 100%
[21:42:28] [Server thread/INFO]: Melon Growth Modifier: 100%
[21:42:28] [Server thread/INFO]: Mushroom Growth Modifier: 100%
[21:42:28] [Server thread/INFO]: Pumpkin Growth Modifier: 100%
[21:42:28] [Server thread/INFO]: Sapling Growth Modifier: 100%
[21:42:28] [Server thread/INFO]: Wheat Growth Modifier: 100%
[21:42:28] [Server thread/INFO]: NetherWart Growth Modifier: 100%
[21:42:28] [Server thread/INFO]: Entity Activation Range: An 32 / Mo 32 / Mi 16
[21:42:28] [Server thread/INFO]: Entity Tracking Range: Pl 48 / An 48 / Mo 48 / Mi 32 / Other 64
[21:42:28] [Server thread/INFO]: Hopper Transfer: 8 Hopper Check: 8 Hopper Amount: 1
[21:42:28] [Server thread/INFO]: Random Lighting Updates: false
[21:42:28] [Server thread/INFO]: Structure Info Saving: true
[21:42:28] [Server thread/INFO]: Sending up to 10 chunks per packet
[21:42:28] [Server thread/INFO]: Max Entity Collisions: 8
[21:42:28] [Server thread/INFO]: Custom Map Seeds:  Village: 10387312 Feature: 14357617
[21:42:28] [Server thread/INFO]: Max TNT Explosions: 100
[21:42:28] [Server thread/INFO]: Tile Max Tick Time: 50ms Entity max Tick Time: 50ms
[21:42:28] [Server thread/INFO]: Item Despawn Rate: 6000
[21:42:28] [Server thread/INFO]: Item Merge Radius: 2.5
[21:42:28] [Server thread/INFO]: Arrow Despawn Rate: 1200
[21:42:28] [Server thread/INFO]: Allow Zombie Pigmen to spawn from portal blocks: true
[21:42:28] [Server thread/INFO]: View Distance: 4
[21:42:28] [Server thread/INFO]: Zombie Aggressive Towards Villager: true
[21:42:28] [Server thread/INFO]: Chunks to Grow per Tick: 650
[21:42:28] [Server thread/INFO]: Clear tick list: false
[21:42:28] [Server thread/INFO]: Experience Merge Radius: 3.0
[21:42:28] [Server thread/INFO]: -------- World Settings For [world] --------
[21:42:28] [Server thread/INFO]: Squids will spawn between Y: 45.0 and Y: 63.0
[21:42:28] [Server thread/INFO]: Max height for cactus growth 3. Max height for reed growth 3
[21:42:28] [Server thread/INFO]: Living Entity Despawn Ranges:  Soft: 32 Hard: 128
[21:42:28] [Server thread/INFO]: Player blocking damage multiplier set to 0.5
[21:42:28] [Server thread/INFO]: Remove invalid mob spawner tile entities: true
[21:42:28] [Server thread/INFO]: Water over lava flow speed: 5
[21:42:28] [Server thread/INFO]: Fix TNT cannons: false
[21:42:28] [Server thread/INFO]: Allow undead horse types to be leashed: false
[21:42:28] [Server thread/INFO]: Keep spawn chunk loaded: true
[21:42:28] [Server thread/INFO]: World async lighting: false
[21:42:28] [Server thread/INFO]: WorldServer TickNextTick cap set at 10000
[21:42:28] [Server thread/INFO]: WorldServer TickNextTickList cap always processes redstone: false
[21:42:29] [Server thread/INFO]: -------- World Settings For [world_nether] --------
[21:42:29] [Server thread/INFO]: Anti X-Ray: true
[21:42:29] [Server thread/INFO]: 	Engine Mode: 1
[21:42:29] [Server thread/INFO]: 	Hidden Blocks: [14, 15, 16, 21, 48, 49, 54, 56, 73, 74, 82, 129, 130]
[21:42:29] [Server thread/INFO]: 	Replace Blocks: [1, 5]
[21:42:29] [Server thread/INFO]: Mob Spawn Range: 4
[21:42:29] [Server thread/INFO]: Nerfing mobs spawned from spawners: false
[21:42:29] [Server thread/INFO]: Cactus Growth Modifier: 100%
[21:42:29] [Server thread/INFO]: Cane Growth Modifier: 100%
[21:42:29] [Server thread/INFO]: Melon Growth Modifier: 100%
[21:42:29] [Server thread/INFO]: Mushroom Growth Modifier: 100%
[21:42:29] [Server thread/INFO]: Pumpkin Growth Modifier: 100%
[21:42:29] [Server thread/INFO]: Sapling Growth Modifier: 100%
[21:42:29] [Server thread/INFO]: Wheat Growth Modifier: 100%
[21:42:29] [Server thread/INFO]: NetherWart Growth Modifier: 100%
[21:42:29] [Server thread/INFO]: Entity Activation Range: An 32 / Mo 32 / Mi 16
[21:42:29] [Server thread/INFO]: Entity Tracking Range: Pl 48 / An 48 / Mo 48 / Mi 32 / Other 64
[21:42:29] [Server thread/INFO]: Hopper Transfer: 8 Hopper Check: 8 Hopper Amount: 1
[21:42:29] [Server thread/INFO]: Random Lighting Updates: false
[21:42:29] [Server thread/INFO]: Structure Info Saving: true
[21:42:29] [Server thread/INFO]: Sending up to 10 chunks per packet
[21:42:29] [Server thread/INFO]: Max Entity Collisions: 8
[21:42:29] [Server thread/INFO]: Custom Map Seeds:  Village: 10387312 Feature: 14357617
[21:42:29] [Server thread/INFO]: Max TNT Explosions: 100
[21:42:29] [Server thread/INFO]: Tile Max Tick Time: 50ms Entity max Tick Time: 50ms
[21:42:29] [Server thread/INFO]: Item Despawn Rate: 6000
[21:42:29] [Server thread/INFO]: Item Merge Radius: 2.5
[21:42:29] [Server thread/INFO]: Arrow Despawn Rate: 1200
[21:42:29] [Server thread/INFO]: Allow Zombie Pigmen to spawn from portal blocks: true
[21:42:29] [Server thread/INFO]: View Distance: 4
[21:42:29] [Server thread/INFO]: Zombie Aggressive Towards Villager: true
[21:42:29] [Server thread/INFO]: Chunks to Grow per Tick: 650
[21:42:29] [Server thread/INFO]: Clear tick list: false
[21:42:29] [Server thread/INFO]: Experience Merge Radius: 3.0
[21:42:29] [Server thread/INFO]: -------- World Settings For [world_nether] --------
[21:42:29] [Server thread/INFO]: Squids will spawn between Y: 45.0 and Y: 63.0
[21:42:29] [Server thread/INFO]: Max height for cactus growth 3. Max height for reed growth 3
[21:42:29] [Server thread/INFO]: Living Entity Despawn Ranges:  Soft: 32 Hard: 128
[21:42:29] [Server thread/INFO]: Player blocking damage multiplier set to 0.5
[21:42:29] [Server thread/INFO]: Remove invalid mob spawner tile entities: true
[21:42:29] [Server thread/INFO]: Water over lava flow speed: 5
[21:42:29] [Server thread/INFO]: Fix TNT cannons: false
[21:42:29] [Server thread/INFO]: Allow undead horse types to be leashed: false
[21:42:29] [Server thread/INFO]: Keep spawn chunk loaded: true
[21:42:29] [Server thread/INFO]: World async lighting: false
[21:42:29] [Server thread/INFO]: WorldServer TickNextTick cap set at 10000
[21:42:29] [Server thread/INFO]: WorldServer TickNextTickList cap always processes redstone: false
[21:42:29] [Server thread/INFO]: -------- World Settings For [world_the_end] --------
[21:42:29] [Server thread/INFO]: Anti X-Ray: true
[21:42:29] [Server thread/INFO]: 	Engine Mode: 1
[21:42:29] [Server thread/INFO]: 	Hidden Blocks: [14, 15, 16, 21, 48, 49, 54, 56, 73, 74, 82, 129, 130]
[21:42:29] [Server thread/INFO]: 	Replace Blocks: [1, 5]
[21:42:29] [Server thread/INFO]: Mob Spawn Range: 4
[21:42:29] [Server thread/INFO]: Nerfing mobs spawned from spawners: false
[21:42:29] [Server thread/INFO]: Cactus Growth Modifier: 100%
[21:42:29] [Server thread/INFO]: Cane Growth Modifier: 100%
[21:42:29] [Server thread/INFO]: Melon Growth Modifier: 100%
[21:42:29] [Server thread/INFO]: Mushroom Growth Modifier: 100%
[21:42:29] [Server thread/INFO]: Pumpkin Growth Modifier: 100%
[21:42:29] [Server thread/INFO]: Sapling Growth Modifier: 100%
[21:42:29] [Server thread/INFO]: Wheat Growth Modifier: 100%
[21:42:29] [Server thread/INFO]: NetherWart Growth Modifier: 100%
[21:42:29] [Server thread/INFO]: Entity Activation Range: An 32 / Mo 32 / Mi 16
[21:42:29] [Server thread/INFO]: Entity Tracking Range: Pl 48 / An 48 / Mo 48 / Mi 32 / Other 64
[21:42:29] [Server thread/INFO]: Hopper Transfer: 8 Hopper Check: 8 Hopper Amount: 1
[21:42:29] [Server thread/INFO]: Random Lighting Updates: false
[21:42:29] [Server thread/INFO]: Structure Info Saving: true
[21:42:29] [Server thread/INFO]: Sending up to 10 chunks per packet
[21:42:29] [Server thread/INFO]: Max Entity Collisions: 8
[21:42:29] [Server thread/INFO]: Custom Map Seeds:  Village: 10387312 Feature: 14357617
[21:42:29] [Server thread/INFO]: Max TNT Explosions: 100
[21:42:29] [Server thread/INFO]: Tile Max Tick Time: 50ms Entity max Tick Time: 50ms
[21:42:29] [Server thread/INFO]: Item Despawn Rate: 6000
[21:42:29] [Server thread/INFO]: Item Merge Radius: 2.5
[21:42:29] [Server thread/INFO]: Arrow Despawn Rate: 1200
[21:42:29] [Server thread/INFO]: Allow Zombie Pigmen to spawn from portal blocks: true
[21:42:29] [Server thread/INFO]: View Distance: 4
[21:42:29] [Server thread/INFO]: Zombie Aggressive Towards Villager: true
[21:42:29] [Server thread/INFO]: Chunks to Grow per Tick: 650
[21:42:29] [Server thread/INFO]: Clear tick list: false
[21:42:29] [Server thread/INFO]: Experience Merge Radius: 3.0
[21:42:29] [Server thread/INFO]: -------- World Settings For [world_the_end] --------
[21:42:29] [Server thread/INFO]: Squids will spawn between Y: 45.0 and Y: 63.0
[21:42:29] [Server thread/INFO]: Max height for cactus growth 3. Max height for reed growth 3
[21:42:29] [Server thread/INFO]: Living Entity Despawn Ranges:  Soft: 32 Hard: 128
[21:42:29] [Server thread/INFO]: Player blocking damage multiplier set to 0.5
[21:42:29] [Server thread/INFO]: Remove invalid mob spawner tile entities: true
[21:42:29] [Server thread/INFO]: Water over lava flow speed: 5
[21:42:29] [Server thread/INFO]: Fix TNT cannons: false
[21:42:29] [Server thread/INFO]: Allow undead horse types to be leashed: false
[21:42:29] [Server thread/INFO]: Keep spawn chunk loaded: true
[21:42:29] [Server thread/INFO]: World async lighting: false
[21:42:29] [Server thread/INFO]: WorldServer TickNextTick cap set at 10000
[21:42:29] [Server thread/INFO]: WorldServer TickNextTickList cap always processes redstone: false
[21:42:29] [Server thread/INFO]: Preparing start region for level 0 (Seed: -310555419134927578)
[21:42:30] [Server thread/INFO]: Preparing spawn area: 79%
[21:42:30] [Server thread/INFO]: Preparing start region for level 1 (Seed: -310555419134927578)
[21:42:31] [Server thread/INFO]: Preparing start region for level 2 (Seed: -310555419134927578)
[21:42:31] [Server thread/INFO]: [SimpleTpa] Enabling SimpleTpa v6.4
[21:42:31] [Server thread/INFO]: [0;33;1m[21m[SimpleTpa] If you need support contact me at https://discord.gg/SZUkza9[m

[21:42:31] [Server thread/INFO]: [0;33;1m[21m[SimpleTpa] Simple Tpa has been enabled on version 6.4[m

[21:42:31] [Server thread/INFO]: Enabled metrics. You may opt-out by changing plugins/bStats/config.yml
[21:42:31] [Server thread/INFO]: [SimpleHomes] Enabling SimpleHomes v2.2
[21:42:31] [Server thread/INFO]: [WorldEdit] Enabling WorldEdit v6.1;no_git_id
[21:42:31] [Server thread/INFO]: WEPIF: Using the Bukkit Permissions API.
[21:42:31] [Server thread/INFO]: [WorldEdit] Using com.sk89q.worldedit.bukkit.adapter.impl.Spigot_v1_8_R3 as the Bukkit adapter
[21:42:31] [Server thread/INFO]: [LoginSecurity] Enabling LoginSecurity v3.2.0
[21:42:31] [Server thread/INFO]: [LoginSecurity] Loading base translations from "en_us"
[21:42:31] [Server thread/INFO]: [LoginSecurity] Loading specified translations from "en_us"
[21:42:32] [Server thread/INFO]: [LoginSecurity] Registering commands...
[21:42:32] [Server thread/INFO]: [LoginSecurity] Registering listeners...
[21:42:32] [Server thread/INFO]: Server permissions file permissions.yml is empty, ignoring it
[21:42:32] [Server thread/INFO]: Done (3.364s)! For help, type "help" or "?"
[21:42:32] [Server thread/INFO]: Timings Reset
[21:42:33] [Craft Scheduler Thread - 0/INFO]: [0;31;1m[21m[SimpleTpa] There is a new update available.[m

[21:42:33] [Craft Scheduler Thread - 0/INFO]: [0;31;1m[SimpleTpa] There is a new update available:[m

[21:42:33] [Craft Scheduler Thread - 0/INFO]: [0;31;1m[SimpleTpa] https://www.spigotmc.org/resources/simple-tpa.64270/[m

[21:42:55] [Thread-7/INFO]: UUID of player nickgaming is 0c9d3281-42e9-3f07-a536-0332b12f4238
[21:42:55] [Server thread/INFO]: nickgaming[/[0:0:0:0:0:0:0:1]:33488] logged in with entity id 332 at ([world]116.18302761134166, 92.36933697604734, 135.80271515996992)
[21:43:06] [Server thread/INFO]: nickgaming issued server command: /lac
[21:44:54] [Server thread/INFO]: nickgaming issued server command: /gamemode s
[21:44:54] [Server thread/INFO]: [nickgaming: Set own game mode to Survival Mode]
[21:45:00] [Server thread/INFO]: nickgaming issued server command: /gamemode c
[21:45:00] [Server thread/INFO]: [nickgaming: Set own game mode to Creative Mode]
[21:45:12] [Server thread/INFO]: nickgaming lost connection: Disconnected
[21:45:12] [Server thread/INFO]: nickgaming left the game.
[21:49:48] [Thread-9/INFO]: UUID of player nickgaming is 0c9d3281-42e9-3f07-a536-0332b12f4238
[21:49:48] [Server thread/INFO]: nickgaming[/[0:0:0:0:0:0:0:1]:48988] logged in with entity id 613 at ([world]128.83866620573616, 87.0, 114.9754730245004)
[21:50:03] [Server thread/INFO]: nickgaming issued server command: /rtp
[21:50:06] [Server thread/INFO]: nickgaming issued server command: /tpr
[21:50:08] [Server thread/INFO]: nickgaming issued server command: /help
[21:50:13] [Server thread/INFO]: nickgaming issued server command: /help simpletpa
[21:50:37] [Server thread/INFO]: nickgaming issued server command: /tptoggle
[21:50:42] [Server thread/INFO]: nickgaming issued server command: /tpatoggle
[21:50:45] [Server thread/INFO]: nickgaming issued server command: /tpatoggle
[21:51:00] [Server thread/INFO]: nickgaming lost connection: Disconnected
[21:51:00] [Server thread/INFO]: nickgaming left the game.
[21:51:52] [Thread-10/INFO]: UUID of player nickgaming is 0c9d3281-42e9-3f07-a536-0332b12f4238
[21:51:52] [Server thread/INFO]: nickgaming[/[0:0:0:0:0:0:0:1]:50066] logged in with entity id 931 at ([world]126.79396510973164, 89.91972991638592, 124.24465350795273)
[21:52:00] [Server thread/INFO]: nickgaming issued server command: /npc
[21:52:03] [Server thread/INFO]: nickgaming issued server command: /help
[21:52:07] [Server thread/INFO]: nickgaming issued server command: /help minecraft
[21:52:11] [Server thread/INFO]: nickgaming issued server command: /help minecraft npc
[21:52:13] [Server thread/INFO]: nickgaming issued server command: /help minecraft
[21:52:15] [Server thread/INFO]: nickgaming issued server command: /help minecraft 2
[21:52:17] [Server thread/INFO]: nickgaming issued server command: /help minecraft 3
[21:52:25] [Server thread/INFO]: nickgaming issued server command: /help minecraft 4
[21:52:31] [Server thread/INFO]: nickgaming issued server command: /help minecraft 5
[21:52:35] [Server thread/INFO]: nickgaming issued server command: /help minecraft 6
[21:52:44] [Server thread/INFO]: nickgaming issued server command: /help minecraft 7
[21:52:48] [Server thread/INFO]: nickgaming issued server command: /summon
[21:52:51] [Server thread/INFO]: nickgaming issued server command: /summon npc
[21:52:51] [Server thread/WARN]: Skipping Entity with id npc
[21:52:51] [Server thread/INFO]: [nickgaming: Unable to summon object]
[21:52:56] [Server thread/INFO]: nickgaming issued server command: /summon
[21:53:02] [Server thread/INFO]: nickgaming issued server command: /summon npc ~ ~ ~
[21:53:02] [Server thread/WARN]: Skipping Entity with id npc
[21:53:02] [Server thread/INFO]: [nickgaming: Unable to summon object]
[21:53:16] [Server thread/INFO]: nickgaming issued server command: /summon npc
[21:53:16] [Server thread/WARN]: Skipping Entity with id npc
[21:53:16] [Server thread/INFO]: [nickgaming: Unable to summon object]
[21:53:21] [Server thread/INFO]: nickgaming issued server command: /summon villager
[21:53:21] [Server thread/WARN]: Skipping Entity with id villager
[21:53:21] [Server thread/INFO]: [nickgaming: Unable to summon object]
[21:53:31] [Server thread/INFO]: nickgaming issued server command: /summon wolf
[21:53:31] [Server thread/WARN]: Skipping Entity with id wolf
[21:53:31] [Server thread/INFO]: [nickgaming: Unable to summon object]
[21:53:36] [Server thread/INFO]: nickgaming issued server command: /summon enderman
[21:53:36] [Server thread/WARN]: Skipping Entity with id enderman
[21:53:36] [Server thread/INFO]: [nickgaming: Unable to summon object]
[21:53:41] [Server thread/INFO]: nickgaming issued server command: /summon enderman ~ ~ `
[21:53:41] [Server thread/INFO]: [nickgaming: '`' is not a valid number]
[21:53:43] [Server thread/INFO]: nickgaming issued server command: /summon enderman ~ ~ ~
[21:53:43] [Server thread/WARN]: Skipping Entity with id enderman
[21:53:43] [Server thread/INFO]: [nickgaming: Unable to summon object]
[21:53:46] [Server thread/INFO]: nickgaming issued server command: /gamemode c
[21:53:46] [Server thread/INFO]: [nickgaming: Set own game mode to Creative Mode]
[21:53:48] [Server thread/INFO]: nickgaming issued server command: /gamemode s
[21:53:48] [Server thread/INFO]: [nickgaming: Set own game mode to Survival Mode]
[21:53:49] [Server thread/INFO]: nickgaming issued server command: /gamemode c
[21:53:49] [Server thread/INFO]: [nickgaming: Set own game mode to Creative Mode]
[21:53:56] [Server thread/INFO]: nickgaming issued server command: /summon xp
[21:53:56] [Server thread/WARN]: Skipping Entity with id xp
[21:53:56] [Server thread/INFO]: [nickgaming: Unable to summon object]
[21:54:02] [Server thread/INFO]: nickgaming issued server command: /summon ender_dragon
[21:54:02] [Server thread/WARN]: Skipping Entity with id ender_dragon
[21:54:02] [Server thread/INFO]: [nickgaming: Unable to summon object]
[21:55:35] [Thread-11/INFO]: UUID of player Hifansimwill is 8bf1a6bb-1b80-3130-a83e-d17302f6f1d4
[21:55:35] [Server thread/INFO]: Hifansimwill[/[0:0:0:0:0:0:0:1]:38486] logged in with entity id 1195 at ([world]112.5, 72.0, 211.5)
[21:55:47] [Async Chat Thread - #0/INFO]: <Hifansimwill> hi[m

[21:55:52] [Server thread/INFO]: Hifansimwill issued server command: /gamemode c
[21:55:56] [Async Chat Thread - #0/INFO]: <Hifansimwill> gimme op[m

[21:56:00] [Server thread/INFO]: [Server] imma op u
[21:56:06] [Server thread/INFO]: Opped Hifansimwill
[21:56:09] [Async Chat Thread - #0/INFO]: <Hifansimwill> gimme op[m

[21:56:10] [Server thread/INFO]: Hifansimwill issued server command: /gamemode c
[21:56:10] [Server thread/INFO]: [Hifansimwill: Set own game mode to Creative Mode]
[21:56:12] [Async Chat Thread - #0/INFO]: <Hifansimwill> nice[m

[21:56:23] [Async Chat Thread - #0/INFO]: <Hifansimwill> where is spawn so we can build hub[m

[21:56:34] [Server thread/INFO]: nickgaming issued server command: /tp Hifansimwill 0 60 0
[21:56:34] [Server thread/INFO]: [nickgaming: Teleported Hifansimwill to 0.5, 60.0, 0.5]
[21:56:42] [Server thread/INFO]: nickgaming issued server command: /tp @p 0 60 0
[21:56:42] [Server thread/INFO]: [nickgaming: Teleported nickgaming to 0.5, 60.0, 0.5]
[21:56:52] [Server thread/INFO]: nickgaming issued server command: /tp @p ~ 100 ~
[21:56:52] [Server thread/INFO]: [nickgaming: Teleported nickgaming to 0.5, 100.0, 0.5]
[21:56:59] [Server thread/INFO]: nickgaming issued server command: /tp nickgaming Hifansimwill
[21:56:59] [Server thread/INFO]: [nickgaming: Teleported nickgaming to Hifansimwill]
[21:57:06] [Server thread/INFO]: nickgaming issued server command: /tp @p ~ 100 ~
[21:57:06] [Server thread/INFO]: [nickgaming: Teleported nickgaming to 0.5, 100.0, 0.5]
[21:57:10] [Server thread/INFO]: nickgaming issued server command: /tp Hifansimwill nickgaming
[21:57:10] [Server thread/INFO]: [nickgaming: Teleported Hifansimwill to nickgaming]
[21:57:16] [Async Chat Thread - #0/INFO]: <nickgaming> hiya[m

[21:57:33] [Async Chat Thread - #0/INFO]: <nickgaming> i want to demolish this world[m

[21:57:41] [Server thread/INFO]: nickgaming issued server command: /gamemode s Hifansimwill
[21:57:41] [Server thread/INFO]: [nickgaming: Set Hifansimwill's game mode to Survival Mode]
[21:57:51] [Server thread/INFO]: nickgaming issued server command: /gamemode survival Hifansimwill
[21:57:51] [Server thread/INFO]: [nickgaming: Set Hifansimwill's game mode to Survival Mode]
[21:57:57] [Server thread/INFO]: nickgaming issued server command: /gamemode Hifansimwill s
[21:57:57] [Server thread/INFO]: [nickgaming: 'Hifansimwill' is not a valid number]
[21:58:20] [Server thread/INFO]: Hifansimwill was slain by nickgaming
[21:59:01] [Server thread/INFO]: Hifansimwill issued server command: /tp Hifansimwill
[21:59:01] [Server thread/INFO]: [Hifansimwill: Teleported Hifansimwill to Hifansimwill]
[21:59:06] [Server thread/INFO]: Hifansimwill issued server command: /tp nickgaming
[21:59:06] [Server thread/INFO]: [Hifansimwill: Teleported Hifansimwill to nickgaming]
[21:59:16] [Server thread/INFO]: Hifansimwill issued server command: /gamemode c
[21:59:16] [Server thread/INFO]: [Hifansimwill: Set own game mode to Creative Mode]
[22:00:14] [Server thread/INFO]: Hifansimwill has just earned the achievement [Taking Inventory]
[22:00:15] [Async Chat Thread - #1/INFO]: <nickgaming> hiya[m

[22:00:33] [Server thread/INFO]: Hifansimwill has just earned the achievement [Getting Wood]
[22:00:42] [Async Chat Thread - #1/INFO]: <Hifansimwill> 0 0[m

[22:00:49] [Server thread/INFO]: nickgaming issued server command: /achievement * hifansimwill
[22:00:49] [Server thread/INFO]: [nickgaming: Unknown achievement or statistic 'hifansimwill']
[22:01:00] [Async Chat Thread - #1/INFO]: <Hifansimwill> make platform or void ur choice[m

[22:01:03] [Server thread/INFO]: nickgaming issued server command: /achievement * Hifansimwill
[22:01:03] [Server thread/INFO]: [nickgaming: Unknown achievement or statistic 'Hifansimwill']
[22:01:19] [Server thread/INFO]: nickgaming issued server command: /achievement Hifansimwill *
[22:01:36] [Server thread/INFO]: nickgaming issued server command: /achievement *
[22:01:43] [Server thread/INFO]: nickgaming issued server command: /achievement give * Hifansimwill
[22:01:43] [Server thread/INFO]: Hifansimwill has just earned the achievement [Benchmarking]
[22:01:43] [Server thread/INFO]: Hifansimwill has just earned the achievement [Time to Mine!]
[22:01:43] [Server thread/INFO]: Hifansimwill has just earned the achievement [Hot Topic]
[22:01:43] [Server thread/INFO]: Hifansimwill has just earned the achievement [Acquire Hardware]
[22:01:43] [Server thread/INFO]: Hifansimwill has just earned the achievement [Time to Farm!]
[22:01:43] [Server thread/INFO]: Hifansimwill has just earned the achievement [Bake Bread]
[22:01:43] [Server thread/INFO]: Hifansimwill has just earned the achievement [The Lie]
[22:01:43] [Server thread/INFO]: Hifansimwill has just earned the achievement [Getting an Upgrade]
[22:01:43] [Server thread/INFO]: Hifansimwill has just earned the achievement [Delicious Fish]
[22:01:43] [Server thread/INFO]: Hifansimwill has just earned the achievement [On A Rail]
[22:01:43] [Server thread/INFO]: Hifansimwill has just earned the achievement [Time to Strike!]
[22:01:43] [Server thread/INFO]: Hifansimwill has just earned the achievement [Monster Hunter]
[22:01:43] [Server thread/INFO]: Hifansimwill has just earned the achievement [Cow Tipper]
[22:01:43] [Server thread/INFO]: Hifansimwill has just earned the achievement [When Pigs Fly]
[22:01:43] [Server thread/INFO]: Hifansimwill has just earned the achievement [Sniper Duel]
[22:01:43] [Server thread/INFO]: Hifansimwill has just earned the achievement [DIAMONDS!]
[22:01:43] [Server thread/INFO]: Hifansimwill has just earned the achievement [Diamonds to you!]
[22:01:43] [Server thread/INFO]: Hifansimwill has just earned the achievement [We Need to Go Deeper]
[22:01:43] [Server thread/INFO]: Hifansimwill has just earned the achievement [Return to Sender]
[22:01:43] [Server thread/INFO]: Hifansimwill has just earned the achievement [Into Fire]
[22:01:43] [Server thread/INFO]: Hifansimwill has just earned the achievement [Local Brewery]
[22:01:43] [Server thread/INFO]: Hifansimwill has just earned the achievement [The End?]
[22:01:43] [Server thread/INFO]: Hifansimwill has just earned the achievement [The End.]
[22:01:43] [Server thread/INFO]: Hifansimwill has just earned the achievement [Enchanter]
[22:01:43] [Server thread/INFO]: Hifansimwill has just earned the achievement [Overkill]
[22:01:43] [Server thread/INFO]: Hifansimwill has just earned the achievement [Librarian]
[22:01:43] [Server thread/INFO]: Hifansimwill has just earned the achievement [Repopulation]
[22:01:43] [Server thread/INFO]: Hifansimwill has just earned the achievement [The Beginning?]
[22:01:43] [Server thread/INFO]: Hifansimwill has just earned the achievement [The Beginning.]
[22:01:43] [Server thread/INFO]: Hifansimwill has just earned the achievement [Beaconator]
[22:01:43] [Server thread/INFO]: Hifansimwill has just earned the achievement [Adventuring Time]
[22:01:43] [Server thread/INFO]: Hifansimwill has just earned the achievement [Overpowered]
[22:01:43] [Server thread/INFO]: [nickgaming: Successfully given all achievements to Hifansimwill]
[22:02:07] [Server thread/INFO]: nickgaming issued server command: /tp Hifansimwill ~ 100 ~
[22:02:07] [Server thread/INFO]: [nickgaming: Teleported Hifansimwill to 14.378416488024591, 100.0, -2.716993559232209]
[22:02:14] [Server thread/INFO]: nickgaming issued server command: /gamemode s Hifansimwill
[22:02:14] [Server thread/INFO]: [nickgaming: Set Hifansimwill's game mode to Survival Mode]
[22:02:32] [Server thread/INFO]: Hifansimwill fell from a high place
[22:03:45] [Server thread/INFO]: nickgaming issued server command: /setworldspawn
[22:03:45] [Server thread/INFO]: [nickgaming: Set the world spawn point to (0, 101, 0)]
[22:04:20] [Server thread/INFO]: nickgaming issued server command: /gamemode s
[22:04:20] [Server thread/INFO]: [nickgaming: Set own game mode to Survival Mode]
[22:04:21] [Async Chat Thread - #2/INFO]: <Hifansimwill> bruh[m

[22:04:25] [Server thread/INFO]: Hifansimwill issued server command: /gamemode c
[22:04:25] [Server thread/INFO]: [Hifansimwill: Set own game mode to Creative Mode]
[22:04:31] [Server thread/INFO]: Hifansimwill issued server command: /deop nickgaming
[22:04:31] [Server thread/INFO]: [Hifansimwill: De-opped nickgaming]
[22:04:33] [Server thread/INFO]: nickgaming issued server command: /gamemode c
[22:04:39] [Async Chat Thread - #2/INFO]: <Hifansimwill> did that work?[m

[22:04:43] [Async Chat Thread - #2/INFO]: <nickgaming> yes w ill[m

[22:04:49] [Server thread/INFO]: Hifansimwill issued server command: /op nickgaming
[22:04:49] [Server thread/INFO]: [Hifansimwill: Opped nickgaming]
[22:05:06] [Server thread/INFO]: Hifansimwill lost connection: i know you opped me back but dont even try it again
[22:05:06] [Server thread/INFO]: Hifansimwill left the game.
[22:05:06] [Server thread/INFO]: Kicked Hifansimwill from the game: 'i know you opped me back but dont even try it again'
[22:05:06] [Server thread/WARN]: handleDisconnection() called twice
[22:05:13] [Server thread/INFO]: nickgaming issued server command: /gamemode c
[22:05:13] [Server thread/INFO]: [nickgaming: Set own game mode to Creative Mode]
[22:06:23] [Thread-12/INFO]: UUID of player Hifansimwill is 8bf1a6bb-1b80-3130-a83e-d17302f6f1d4
[22:06:23] [Server thread/INFO]: Hifansimwill[/[0:0:0:0:0:0:0:1]:38876] logged in with entity id 1929 at ([world]1.229091119873902, 135.85456940380558, 0.30199283175455105)
[22:11:29] [Server thread/INFO]: nickgaming lost connection: Disconnected
[22:11:29] [Server thread/INFO]: nickgaming left the game.
[22:17:30] [Server thread/INFO]: Hifansimwill lost connection: MATINENCE
[22:17:30] [Server thread/INFO]: Hifansimwill left the game.
[22:17:30] [Server thread/INFO]: Kicked Hifansimwill from the game: 'MATINENCE'
[22:17:30] [Server thread/WARN]: handleDisconnection() called twice
[22:17:38] [Server thread/INFO]: Usage: /whitelist <on|off|list|add|remove|reload>
[22:17:46] [Server thread/INFO]: Turned on the whitelist
[22:17:53] [Server thread/INFO]: Added nickgaming to the whitelist
[22:18:33] [Server thread/INFO]: De-opped hifansimwill
[22:18:51] [Thread-14/INFO]: UUID of player nickgaming is 0c9d3281-42e9-3f07-a536-0332b12f4238
[22:18:51] [Server thread/INFO]: nickgaming[/[0:0:0:0:0:0:0:1]:35980] logged in with entity id 2413 at ([world]0.9138565267480722, 101.0, 0.44393863725374244)
[22:19:28] [Server thread/INFO]: nickgaming issued server command: /clear
[22:19:28] [Server thread/INFO]: [nickgaming: Cleared the inventory of nickgaming, removing 3 items]
[22:19:50] [Server thread/INFO]: nickgaming lost connection: Disconnected
[22:19:50] [Server thread/INFO]: nickgaming left the game.
[22:20:22] [Thread-15/INFO]: UUID of player Hifansimwill is 8bf1a6bb-1b80-3130-a83e-d17302f6f1d4
[22:20:22] [Server thread/INFO]: Disconnecting com.mojang.authlib.GameProfile@2c151390[id=8bf1a6bb-1b80-3130-a83e-d17302f6f1d4,name=Hifansimwill,properties={textures=[com.mojang.authlib.properties.Property@35c4ef0d], isEaglerPlayer=[com.mojang.authlib.properties.Property@6ee8b43d]},legacy=false] (/[0:0:0:0:0:0:0:1]:46610): You are not whitelisted on this server!
[22:20:22] [Server thread/INFO]: Disconnecting com.mojang.authlib.GameProfile@2c151390[id=8bf1a6bb-1b80-3130-a83e-d17302f6f1d4,name=Hifansimwill,properties={textures=[com.mojang.authlib.properties.Property@35c4ef0d], isEaglerPlayer=[com.mojang.authlib.properties.Property@6ee8b43d]},legacy=false] (/[0:0:0:0:0:0:0:1]:46610): You are not whitelisted on this server!
[22:20:23] [Server thread/INFO]: com.mojang.authlib.GameProfile@2c151390[id=8bf1a6bb-1b80-3130-a83e-d17302f6f1d4,name=Hifansimwill,properties={textures=[com.mojang.authlib.properties.Property@35c4ef0d], isEaglerPlayer=[com.mojang.authlib.properties.Property@6ee8b43d]},legacy=false] (/[0:0:0:0:0:0:0:1]:46610) lost connection: You are not whitelisted on this server!
[22:20:38] [Server thread/INFO]: Turned off the whitelist
[22:20:42] [Thread-16/INFO]: UUID of player nickgaming is 0c9d3281-42e9-3f07-a536-0332b12f4238
[22:20:42] [Server thread/INFO]: nickgaming[/[0:0:0:0:0:0:0:1]:47730] logged in with entity id 2500 at ([world]0.5706101035893411, 71.0, 36.63601760937493)
[22:21:15] [Thread-17/INFO]: UUID of player Hifansimwill is 8bf1a6bb-1b80-3130-a83e-d17302f6f1d4
[22:21:15] [Server thread/INFO]: Hifansimwill[/[0:0:0:0:0:0:0:1]:60788] logged in with entity id 2501 at ([world]0.13671426001773246, 101.0, 0.4598178865625146)
[22:22:12] [Server thread/INFO]: Unknown command. Type "/help" for help.[m

[22:22:22] [Server thread/INFO]: nickgaming issued server command: /achievements remove
[22:22:24] [Server thread/INFO]: nickgaming issued server command: /achievements
[22:22:28] [Server thread/INFO]: nickgaming issued server command: /achievements
[22:22:32] [Server thread/INFO]: nickgaming issued server command: /help
[22:22:37] [Server thread/INFO]: nickgaming issued server command: /help minecraft
[22:22:51] [Server thread/INFO]: nickgaming issued server command: /achievement
[22:22:57] [Server thread/INFO]: nickgaming issued server command: /achievement take * Hifansimwill
[22:22:57] [Server thread/INFO]: Hifansimwill has lost the achievement [Overpowered]
[22:22:57] [Server thread/INFO]: Hifansimwill has lost the achievement [Adventuring Time]
[22:22:57] [Server thread/INFO]: Hifansimwill has lost the achievement [Beaconator]
[22:22:57] [Server thread/INFO]: Hifansimwill has lost the achievement [The Beginning.]
[22:22:57] [Server thread/INFO]: Hifansimwill has lost the achievement [The Beginning?]
[22:22:57] [Server thread/INFO]: Hifansimwill has lost the achievement [Repopulation]
[22:22:57] [Server thread/INFO]: Hifansimwill has lost the achievement [Librarian]
[22:22:57] [Server thread/INFO]: Hifansimwill has lost the achievement [Overkill]
[22:22:57] [Server thread/INFO]: Hifansimwill has lost the achievement [Enchanter]
[22:22:57] [Server thread/INFO]: Hifansimwill has lost the achievement [The End.]
[22:22:57] [Server thread/INFO]: Hifansimwill has lost the achievement [The End?]
[22:22:57] [Server thread/INFO]: Hifansimwill has lost the achievement [Local Brewery]
[22:22:57] [Server thread/INFO]: Hifansimwill has lost the achievement [Into Fire]
[22:22:57] [Server thread/INFO]: Hifansimwill has lost the achievement [Return to Sender]
[22:22:57] [Server thread/INFO]: Hifansimwill has lost the achievement [We Need to Go Deeper]
[22:22:57] [Server thread/INFO]: Hifansimwill has lost the achievement [Diamonds to you!]
[22:22:57] [Server thread/INFO]: Hifansimwill has lost the achievement [DIAMONDS!]
[22:22:57] [Server thread/INFO]: Hifansimwill has lost the achievement [Sniper Duel]
[22:22:57] [Server thread/INFO]: Hifansimwill has lost the achievement [When Pigs Fly]
[22:22:57] [Server thread/INFO]: Hifansimwill has lost the achievement [Cow Tipper]
[22:22:57] [Server thread/INFO]: Hifansimwill has lost the achievement [Monster Hunter]
[22:22:57] [Server thread/INFO]: Hifansimwill has lost the achievement [Time to Strike!]
[22:22:57] [Server thread/INFO]: Hifansimwill has lost the achievement [On A Rail]
[22:22:57] [Server thread/INFO]: Hifansimwill has lost the achievement [Delicious Fish]
[22:22:57] [Server thread/INFO]: Hifansimwill has lost the achievement [Getting an Upgrade]
[22:22:57] [Server thread/INFO]: Hifansimwill has lost the achievement [The Lie]
[22:22:57] [Server thread/INFO]: Hifansimwill has lost the achievement [Bake Bread]
[22:22:57] [Server thread/INFO]: Hifansimwill has lost the achievement [Time to Farm!]
[22:22:57] [Server thread/INFO]: Hifansimwill has lost the achievement [Acquire Hardware]
[22:22:57] [Server thread/INFO]: Hifansimwill has lost the achievement [Hot Topic]
[22:22:57] [Server thread/INFO]: Hifansimwill has lost the achievement [Time to Mine!]
[22:22:57] [Server thread/INFO]: Hifansimwill has lost the achievement [Benchmarking]
[22:22:57] [Server thread/INFO]: Hifansimwill has lost the achievement [Getting Wood]
[22:22:57] [Server thread/INFO]: Hifansimwill has lost the achievement [Taking Inventory]
[22:22:57] [Server thread/INFO]: [nickgaming: Successfully taken all achievements from Hifansimwill]
[22:23:01] [Server thread/INFO]: nickgaming issued server command: /achievement take * Nickgaming
[22:23:01] [Server thread/INFO]: nickgaming has lost the achievement [Overpowered]
[22:23:01] [Server thread/INFO]: nickgaming has lost the achievement [Adventuring Time]
[22:23:01] [Server thread/INFO]: nickgaming has lost the achievement [Beaconator]
[22:23:01] [Server thread/INFO]: nickgaming has lost the achievement [The Beginning.]
[22:23:01] [Server thread/INFO]: nickgaming has lost the achievement [The Beginning?]
[22:23:01] [Server thread/INFO]: nickgaming has lost the achievement [Repopulation]
[22:23:01] [Server thread/INFO]: nickgaming has lost the achievement [Librarian]
[22:23:01] [Server thread/INFO]: nickgaming has lost the achievement [Overkill]
[22:23:01] [Server thread/INFO]: nickgaming has lost the achievement [Enchanter]
[22:23:01] [Server thread/INFO]: nickgaming has lost the achievement [The End.]
[22:23:01] [Server thread/INFO]: nickgaming has lost the achievement [The End?]
[22:23:01] [Server thread/INFO]: nickgaming has lost the achievement [Local Brewery]
[22:23:01] [Server thread/INFO]: nickgaming has lost the achievement [Into Fire]
[22:23:01] [Server thread/INFO]: nickgaming has lost the achievement [Return to Sender]
[22:23:01] [Server thread/INFO]: nickgaming has lost the achievement [We Need to Go Deeper]
[22:23:01] [Server thread/INFO]: nickgaming has lost the achievement [Diamonds to you!]
[22:23:01] [Server thread/INFO]: nickgaming has lost the achievement [DIAMONDS!]
[22:23:01] [Server thread/INFO]: nickgaming has lost the achievement [Sniper Duel]
[22:23:01] [Server thread/INFO]: nickgaming has lost the achievement [When Pigs Fly]
[22:23:01] [Server thread/INFO]: nickgaming has lost the achievement [Cow Tipper]
[22:23:01] [Server thread/INFO]: nickgaming has lost the achievement [Monster Hunter]
[22:23:01] [Server thread/INFO]: nickgaming has lost the achievement [Time to Strike!]
[22:23:01] [Server thread/INFO]: nickgaming has lost the achievement [On A Rail]
[22:23:01] [Server thread/INFO]: nickgaming has lost the achievement [Delicious Fish]
[22:23:01] [Server thread/INFO]: nickgaming has lost the achievement [Getting an Upgrade]
[22:23:01] [Server thread/INFO]: nickgaming has lost the achievement [The Lie]
[22:23:01] [Server thread/INFO]: nickgaming has lost the achievement [Bake Bread]
[22:23:01] [Server thread/INFO]: nickgaming has lost the achievement [Time to Farm!]
[22:23:01] [Server thread/INFO]: nickgaming has lost the achievement [Acquire Hardware]
[22:23:01] [Server thread/INFO]: nickgaming has lost the achievement [Hot Topic]
[22:23:01] [Server thread/INFO]: nickgaming has lost the achievement [Time to Mine!]
[22:23:01] [Server thread/INFO]: nickgaming has lost the achievement [Benchmarking]
[22:23:01] [Server thread/INFO]: nickgaming has lost the achievement [Getting Wood]
[22:23:01] [Server thread/INFO]: nickgaming has lost the achievement [Taking Inventory]
[22:23:01] [Server thread/INFO]: [nickgaming: Successfully taken all achievements from nickgaming]
[22:23:10] [Server thread/INFO]: nickgaming issued server command: /gamemode s Hifansimwill
[22:23:10] [Server thread/INFO]: [nickgaming: Set Hifansimwill's game mode to Survival Mode]
[22:23:23] [Server thread/INFO]: nickgaming issued server command: /gamemode s
[22:23:23] [Server thread/INFO]: [nickgaming: Set own game mode to Survival Mode]
[22:23:27] [Server thread/INFO]: nickgaming issued server command: /tpa Hifansimwill
[22:23:34] [Server thread/INFO]: Hifansimwill issued server command: /tpaccpet
[22:23:43] [Server thread/INFO]: Hifansimwill issued server command: /tpaccept
[22:24:59] [Server thread/INFO]: Added Hifansimwill to the whitelist
[22:25:03] [Server thread/INFO]: Turned off the whitelist
[22:25:08] [Server thread/INFO]: Turned on the whitelist
[22:25:47] [Async Chat Thread - #3/INFO]: <nickgaming> yays[m

[22:25:54] [Async Chat Thread - #3/INFO]: <nickgaming> will[m

[22:26:06] [Server thread/INFO]: nickgaming issued server command: /deop nickgaming
[22:26:06] [Server thread/INFO]: [nickgaming: De-opped nickgaming]
[22:26:38] [Async Chat Thread - #3/INFO]: <Hifansimwill> hello[m

[22:27:02] [Async Chat Thread - #3/INFO]: <nickgaming> hi[m

[22:27:12] [Async Chat Thread - #3/INFO]: <Hifansimwill> hi[m

[22:27:18] [Async Chat Thread - #3/INFO]: <nickgaming> mining away[m

[22:27:24] [Async Chat Thread - #3/INFO]: <nickgaming> on a tree[m

[22:27:28] [Async Chat Thread - #3/INFO]: <Hifansimwill> im be afk for a bit bcs im workin on a project[m

[22:27:36] [Async Chat Thread - #3/INFO]: <nickgaming> so far ive gotten 4 logggggsssss[m

[22:27:44] [Async Chat Thread - #3/INFO]: <nickgaming> 6[m

[22:29:01] [Server thread/INFO]: nickgaming has just earned the achievement [Taking Inventory]
[22:29:08] [Server thread/INFO]: nickgaming has just earned the achievement [Getting Wood]
[22:29:21] [Server thread/INFO]: Hifansimwill has just earned the achievement [Taking Inventory]
[22:29:26] [Server thread/INFO]: Hifansimwill has just earned the achievement [Getting Wood]
[22:29:42] [Async Chat Thread - #4/INFO]: <nickgaming> YAYAS[m

[22:29:47] [Async Chat Thread - #4/INFO]: <Hifansimwill> what[m

[22:29:52] [Async Chat Thread - #4/INFO]: <nickgaming> ive gottens the 18[m

[22:30:18] [Server thread/INFO]: nickgaming has just earned the achievement [Benchmarking]
[22:31:05] [Server thread/INFO]: nickgaming has just earned the achievement [Time to Mine!]
[22:31:26] [Async Chat Thread - #5/INFO]: <nickgaming> "It's time to mine!"[m

[22:33:46] [Async Chat Thread - #6/INFO]: <nickgaming> broskis[m

[22:33:49] [Async Chat Thread - #6/INFO]: <nickgaming> broskies[m

[22:33:55] [Async Chat Thread - #6/INFO]: <nickgaming> broskeis[m

[22:34:08] [Server thread/INFO]: nickgaming has just earned the achievement [Getting an Upgrade]
[22:34:43] [Server thread/INFO]: nickgaming has just earned the achievement [Time to Strike!]
[22:35:19] [Async Chat Thread - #7/INFO]: <Hifansimwill> thanks[m

[22:35:29] [Async Chat Thread - #7/INFO]: <nickgaming> yw[m

[22:35:38] [Async Chat Thread - #7/INFO]: <Hifansimwill> i just switched to this tab bcs of hurt nois[m

[22:35:43] [Async Chat Thread - #7/INFO]: <nickgaming> l[m

[22:35:45] [Async Chat Thread - #7/INFO]: <nickgaming> lol[m

[22:37:15] [Server thread/INFO]: nickgaming has just earned the achievement [Monster Hunter]
[22:37:35] [Server thread/INFO]: nickgaming has just earned the achievement [Cow Tipper]
[22:37:51] [Server thread/INFO]: nickgaming was slain by Spider
[22:38:01] [Server thread/WARN]: nickgaming moved too quickly! 0.0,19.627168534212885,0.0 (0.0, 19.627168534212885, 0.0)
[22:38:01] [Server thread/INFO]: nickgaming issued server command: /back
[22:38:02] [Server thread/INFO]: nickgaming fell from a high place
[22:38:05] [Server thread/INFO]: nickgaming fell from a high place
[22:38:08] [Server thread/INFO]: nickgaming fell from a high place
[22:38:23] [Server thread/INFO]: Unknown command. Type "/help" for help.[m

[22:38:31] [Server thread/INFO]: Set the world spawn point to (0, 100, 0)
[22:38:36] [Server thread/INFO]: nickgaming fell from a high place
[22:38:53] [Server thread/INFO]: Set the world spawn point to (0, 72, 0)
[22:39:32] [Async Chat Thread - #8/INFO]: <nickgaming> yes you do[m

[22:40:35] [Server thread/INFO]: nickgaming was slain by Spider
[22:40:49] [Server thread/INFO]: nickgaming issued server command: /back
[22:41:16] [Async Chat Thread - #9/INFO]: <Hifansimwill> back[m

[22:41:28] [Async Chat Thread - #9/INFO]: <Hifansimwill> i shared my project[m

[22:41:37] [Async Chat Thread - #9/INFO]: <nickgaming> LAGG[m

[22:41:42] [Async Chat Thread - #9/INFO]: <Hifansimwill> no lag for me[m

[22:41:48] [Async Chat Thread - #9/INFO]: <Hifansimwill> just frame drop[m

[22:41:54] [Async Chat Thread - #9/INFO]: <Hifansimwill> from 60 to 30[m

[22:42:02] [Async Chat Thread - #9/INFO]: <nickgaming> to 12 for me[m

[22:42:03] [Async Chat Thread - #9/INFO]: <nickgaming> to 1[m

[22:42:04] [Async Chat Thread - #9/INFO]: <Hifansimwill> can you add titles[m

[22:42:11] [Async Chat Thread - #9/INFO]: <nickgaming> ??[m

[22:42:19] [Async Chat Thread - #9/INFO]: <Hifansimwill> like before my username[m

[22:42:22] [Async Chat Thread - #9/INFO]: <nickgaming> ye[m

[22:42:27] [Async Chat Thread - #9/INFO]: <nickgaming> hold up rq[m

[22:42:29] [Async Chat Thread - #9/INFO]: <Hifansimwill> can you make them blue[m

[22:42:36] [Async Chat Thread - #9/INFO]: <Hifansimwill> make mine GAMER[m

[22:42:41] [Server thread/INFO]: Opped nickgaming
[22:42:43] [Async Chat Thread - #9/INFO]: <Hifansimwill> well urs red[m

[22:42:47] [Server thread/INFO]: nickgaming issued server command: /gamemode c
[22:42:47] [Server thread/INFO]: [nickgaming: Set own game mode to Creative Mode]
[22:42:59] [Server thread/INFO]: nickgaming issued server command: /scoreboard
[22:43:04] [Async Chat Thread - #9/INFO]: <Hifansimwill> e[m

[22:43:05] [Server thread/INFO]: nickgaming issued server command: /scoreboard teams
[22:43:10] [Server thread/INFO]: nickgaming issued server command: /scoreboard teams add
[22:43:22] [Server thread/INFO]: nickgaming issued server command: /scoreboard teams add
[22:43:28] [Async Chat Thread - #9/INFO]: <nickgaming> what do you want yours to say?[m

[22:43:57] [Async Chat Thread - #9/INFO]: <Hifansimwill> GAMER[m

[22:44:02] [Async Chat Thread - #9/INFO]: <nickgaming> k[m

[22:44:08] [Server thread/INFO]: nickgaming issued server command: /scoreboard teams add GAMER GAMER
[22:44:08] [Server thread/INFO]: [nickgaming: Added new team 'GAMER' successfully]
[22:44:08] [Async Chat Thread - #9/INFO]: <Hifansimwill> can you change later when i think of somehting better[m

[22:44:17] [Server thread/INFO]: nickgaming issued server command: /scoreboard teams
[22:44:22] [Server thread/INFO]: nickgaming issued server command: /scoreboard teams join
[22:44:28] [Server thread/INFO]: nickgaming issued server command: /scoreboard teams join GAMERS Hifansimwill
[22:44:28] [Server thread/INFO]: [nickgaming: Could not add 1 player(s) to team GAMERS: Hifansimwill]
[22:44:39] [Server thread/INFO]: nickgaming issued server command: /scoreboard teams join GAMERS Hifansimwill
[22:44:39] [Server thread/INFO]: [nickgaming: Could not add 1 player(s) to team GAMERS: Hifansimwill]
[22:44:41] [Server thread/INFO]: Hifansimwill lost connection: Disconnected
[22:44:41] [Server thread/INFO]: Hifansimwill left the game.
[22:44:44] [Thread-18/INFO]: UUID of player Hifansimwill is 8bf1a6bb-1b80-3130-a83e-d17302f6f1d4
[22:44:44] [Server thread/INFO]: Hifansimwill[/[0:0:0:0:0:0:0:1]:46314] logged in with entity id 5144 at ([world]9.674970497338098, 65.0, 2.3451495375043425)
[22:44:59] [Server thread/INFO]: nickgaming issued server command: /scoreboard teams join GAMERS Hifansimwill
[22:44:59] [Server thread/INFO]: [nickgaming: Could not add 1 player(s) to team GAMERS: Hifansimwill]
[22:45:11] [Server thread/INFO]: nickgaming issued server command: /scoreboard teams join GAMERS Hifansimwill
[22:45:11] [Server thread/INFO]: [nickgaming: Could not add 1 player(s) to team GAMERS: Hifansimwill]
[22:45:33] [Server thread/INFO]: Could not add 1 player(s) to team GAMERS: Hifansimwill
[22:45:43] [Server thread/INFO]: nickgaming issued server command: /scoreboard teams join GAMER Hifansimwill
[22:45:43] [Server thread/INFO]: [nickgaming: Added 1 player(s) to team GAMER: Hifansimwill]
[22:45:48] [Async Chat Thread - #10/INFO]: <Hifansimwill> nick[m

[22:45:51] [Server thread/INFO]: nickgaming issued server command: /scoreboard teams GAMER
[22:45:57] [Async Chat Thread - #10/INFO]: <Hifansimwill> i cant break block[m

[22:45:57] [Server thread/INFO]: nickgaming issued server command: /scoreboard teams option
[22:46:06] [Async Chat Thread - #10/INFO]: <nickgaming> wdym?[m

[22:46:08] [Async Chat Thread - #10/INFO]: <Hifansimwill> is it bcs ur changing code or smthn[m

[22:46:23] [Server thread/INFO]: nickgaming issued server command: /scoreboard teams option GAMER color
[22:46:31] [Async Chat Thread - #10/INFO]: <Hifansimwill> why cant i break block[m

[22:46:33] [Server thread/INFO]: nickgaming issued server command: /scoreboard teams option GAMER color dark_blue
[22:46:33] [Server thread/INFO]: [nickgaming: Set option color for team GAMER to dark_blue]
[22:46:42] [Async Chat Thread - #10/INFO]: <Hifansimwill> lemme relog[m

[22:46:42] [Async Chat Thread - #10/INFO]: <nickgaming> rejoin ig[m

[22:46:44] [Server thread/INFO]: Hifansimwill lost connection: Disconnected
[22:46:44] [Server thread/INFO]: Hifansimwill left the game.
[22:46:46] [Thread-19/INFO]: UUID of player Hifansimwill is 8bf1a6bb-1b80-3130-a83e-d17302f6f1d4
[22:46:46] [Server thread/INFO]: Hifansimwill[/[0:0:0:0:0:0:0:1]:60300] logged in with entity id 5490 at ([world]9.799170576926572, 65.0, 4.74652449163907)
[22:46:56] [Server thread/INFO]: nickgaming issued server command: /scoreboard teams
[22:47:03] [Server thread/INFO]: nickgaming issued server command: /scoreboard teams option
[22:47:03] [Async Chat Thread - #10/INFO]: <Hifansimwill> it dont work[m

[22:47:20] [Server thread/INFO]: nickgaming issued server command: /scoreboard
[22:47:21] [Async Chat Thread - #10/INFO]: <Hifansimwill> wait what version is the server[m

[22:47:26] [Async Chat Thread - #10/INFO]: <nickgaming> idk[m

[22:47:38] [Async Chat Thread - #10/INFO]: <Hifansimwill> press tab im blue[m

[22:47:40] [Server thread/INFO]: nickgaming issued server command: /scoreboard teams
[22:47:42] [Server thread/INFO]: nickgaming issued server command: /scoreboard teams leave
[22:47:42] [Server thread/INFO]: [nickgaming: Could not remove 1 player(s) from their teams: nickgaming]
[22:47:46] [Server thread/INFO]: nickgaming issued server command: /scoreboard teams leave
[22:47:46] [Server thread/INFO]: [nickgaming: Could not remove 1 player(s) from their teams: nickgaming]
[22:47:52] [Server thread/INFO]: nickgaming issued server command: /scoreboard teams leave GAMER Hifansimwill
[22:47:52] [Server thread/INFO]: [nickgaming: Removed 1 player(s) from their teams: Hifansimwill]
[22:47:52] [Server thread/INFO]: [nickgaming: Could not remove 1 player(s) from their teams: GAMER]
[22:47:56] [Async Chat Thread - #10/INFO]: <nickgaming> try now[m

[22:47:58] [Async Chat Thread - #10/INFO]: <Hifansimwill> it says 1.8 so[m

[22:48:10] [Async Chat Thread - #10/INFO]: <Hifansimwill> i still can break block[m

[22:48:15] [Async Chat Thread - #10/INFO]: <Hifansimwill> cant[m

[22:48:19] [Server thread/INFO]: De-opped nickgaming
[22:48:27] [Server thread/INFO]: nickgaming issued server command: /gamemode s
[22:48:36] [Server thread/INFO]: Set nickgaming's game mode to Survival Mode
[22:48:45] [Async Chat Thread - #10/INFO]: <nickgaming> leave and rejoin again[m

[22:48:52] [Server thread/INFO]: Hifansimwill lost connection: Disconnected
[22:48:52] [Server thread/INFO]: Hifansimwill left the game.
[22:48:54] [Thread-21/INFO]: UUID of player Hifansimwill is 8bf1a6bb-1b80-3130-a83e-d17302f6f1d4
[22:48:54] [Server thread/INFO]: Hifansimwill[/[0:0:0:0:0:0:0:1]:48614] logged in with entity id 5695 at ([world]7.685241922772468, 65.0, 4.1057624046204815)
[22:49:06] [Async Chat Thread - #10/INFO]: <Hifansimwill> it work now[m

[22:49:23] [Async Chat Thread - #10/INFO]: <nickgaming> it was bc i was opped for a moment there?[m

[22:49:31] [Async Chat Thread - #10/INFO]: <Hifansimwill> idk[m

[22:49:36] [Async Chat Thread - #10/INFO]: <nickgaming> OOH[m

[22:49:39] [Async Chat Thread - #10/INFO]: <Hifansimwill> but what abt the title[m

[22:50:02] [Async Chat Thread - #10/INFO]: <nickgaming> umm i was tryna but then you said stuff abt the not breaking blocks then i stopped[m

[22:50:08] [Async Chat Thread - #10/INFO]: <Hifansimwill> oh[m

[22:50:16] [Async Chat Thread - #10/INFO]: <Hifansimwill> please continue[m

[22:50:24] [Async Chat Thread - #10/INFO]: <nickgaming> why do you want it in our smp though?[m

[22:50:50] [Async Chat Thread - #10/INFO]: <nickgaming> will tp[m

[22:51:47] [Async Chat Thread - #10/INFO]: <Hifansimwill> e[m

[22:52:01] [Server thread/INFO]: Hifansimwill issued server command: /tpa nickgaming
[22:52:41] [Server thread/INFO]: nickgaming issued server command: /tpaccept
[22:52:50] [Async Chat Thread - #11/INFO]: <nickgaming> look at ur y[m

[22:53:23] [Async Chat Thread - #11/INFO]: <Hifansimwill> lel[m

[22:53:27] [Server thread/INFO]: nickgaming has just earned the achievement [Hot Topic]
[22:53:29] [Async Chat Thread - #11/INFO]: <Hifansimwill> wbt title[m

[22:53:38] [Async Chat Thread - #11/INFO]: <nickgaming> u funna cry frfr[m

[22:53:41] [Async Chat Thread - #11/INFO]: <nickgaming> gimme a sec[m

[22:53:44] [Async Chat Thread - #11/INFO]: <Hifansimwill> yes[m

[22:53:55] [Async Chat Thread - #11/INFO]: <Hifansimwill> ur mum[m

[22:53:58] [Server thread/INFO]: nickgaming issued server command: /scoreboard teams join GAMER Hifansimwill
[22:54:07] [Server thread/INFO]: Opped nickgaming
[22:54:09] [Server thread/INFO]: nickgaming issued server command: /scoreboard teams join GAMER Hifansimwill
[22:54:09] [Server thread/INFO]: [nickgaming: Added 1 player(s) to team GAMER: Hifansimwill]
[22:54:10] [Async Chat Thread - #11/INFO]: <Hifansimwill> gimme back ur mum[m

[22:54:12] [Async Chat Thread - #11/INFO]: <nickgaming> ok[m

[22:54:15] [Async Chat Thread - #11/INFO]: <nickgaming> spek[m

[22:54:19] [Async Chat Thread - #11/INFO]: <Hifansimwill> e[m

[22:54:22] [Async Chat Thread - #11/INFO]: <nickgaming> oh[m

[22:54:23] [Async Chat Thread - #11/INFO]: <Hifansimwill> gimme back ur mum[m

[22:54:28] [Async Chat Thread - #11/INFO]: <nickgaming> gimme a second[m

[22:54:33] [Async Chat Thread - #11/INFO]: <nickgaming> ur nametag[m

[22:54:34] [Async Chat Thread - #11/INFO]: <Hifansimwill> GIVE ME THE HOE[m

[22:54:35] [Async Chat Thread - #11/INFO]: <nickgaming> vlue[m

[22:54:42] [Async Chat Thread - #11/INFO]: <Hifansimwill> yes but chat not[m

[22:54:48] [Async Chat Thread - #11/INFO]: <nickgaming> ik ik[m

[22:54:53] [Async Chat Thread - #11/INFO]: <nickgaming> jus hold on[m

[22:56:00] [Async Chat Thread - #12/INFO]: <Hifansimwill> e[m

[22:57:03] [Async Chat Thread - #13/INFO]: <Hifansimwill> tony dieng[m

[22:57:43] [Async Chat Thread - #13/INFO]: <Hifansimwill> cider mmmmmmmmmmmmmmmmmmmmmmmmmmm[m

[22:57:53] [Async Chat Thread - #13/INFO]: <Hifansimwill> mmmmmmmmmmmmmmmmmmmmmmmmmmmmmmmmmmmmmmmmmmmmmmmmmmmmmmmmmmmmmmmmmmmmmmmmmmmmmmmmmmmmmmmmmmmmmmmmmmmm[m

[22:57:53] [Server thread/INFO]: nickgaming lost connection: Disconnected
[22:57:53] [Server thread/INFO]: nickgaming left the game.
[23:02:13] [Server thread/INFO]: Hifansimwill lost connection: Disconnected
[23:02:13] [Server thread/INFO]: Hifansimwill left the game.
[23:16:19] [Thread-22/INFO]: UUID of player nickgaming is 0c9d3281-42e9-3f07-a536-0332b12f4238
[23:16:19] [Server thread/INFO]: nickgaming[/[0:0:0:0:0:0:0:1]:41088] logged in with entity id 7181 at ([world]-201.42615853510833, 69.0, 29.12530633394867)
[23:16:34] [Server thread/INFO]: nickgaming issued server command: /give @p command_block
[23:16:34] [Server thread/INFO]: [nickgaming: Given [Command Block] * 1 to nickgaming]
[23:16:43] [Server thread/INFO]: nickgaming issued server command: /gamemode c
[23:16:43] [Server thread/INFO]: [nickgaming: Set own game mode to Creative Mode]
