[01:00:59] [main/INFO]: Using mbed TLS based native cipher.
[01:00:59] [main/INFO]: Using zlib based native compressor.
[01:00:59] [main/INFO]: Enabled Waterfall version git:Waterfall-Bootstrap:1.19-R0.1-SNAPSHOT:f6069e2:513
[01:00:59] [main/INFO]: Not on Windows, attempting to use enhanced EpollEventLoop
[01:01:00] [main/INFO]: Epoll is working, utilising it!
[01:01:00] [main/INFO]: Discovered module: ModuleSpec(name=cmd_alert, file=modules/cmd_alert.jar, provider=JenkinsModuleSource())
[01:01:00] [main/INFO]: Discovered module: ModuleSpec(name=cmd_find, file=modules/cmd_find.jar, provider=JenkinsModuleSource())
[01:01:00] [main/INFO]: Discovered module: ModuleSpec(name=cmd_list, file=modules/cmd_list.jar, provider=JenkinsModuleSource())
[01:01:00] [main/INFO]: Discovered module: ModuleSpec(name=cmd_send, file=modules/cmd_send.jar, provider=JenkinsModuleSource())
[01:01:00] [main/INFO]: Discovered module: ModuleSpec(name=cmd_server, file=modules/cmd_server.jar, provider=JenkinsModuleSource())
[01:01:00] [main/INFO]: Discovered module: ModuleSpec(name=reconnect_yaml, file=modules/reconnect_yaml.jar, provider=JenkinsModuleSource())
[01:01:00] [main/INFO]: Loaded plugin reconnect_yaml version git:reconnect_yaml:1.19-R0.1-SNAPSHOT:f6069e2:513 by WaterfallMC
[01:01:00] [main/INFO]: Loaded plugin cmd_find version git:cmd_find:1.19-R0.1-SNAPSHOT:f6069e2:513 by WaterfallMC
[01:01:00] [main/INFO]: Loaded plugin cmd_server version git:cmd_server:1.19-R0.1-SNAPSHOT:f6069e2:513 by WaterfallMC
[01:01:00] [main/INFO]: Loaded plugin cmd_alert version git:cmd_alert:1.19-R0.1-SNAPSHOT:f6069e2:513 by WaterfallMC
[01:01:00] [main/INFO]: Loaded plugin cmd_send version git:cmd_send:1.19-R0.1-SNAPSHOT:f6069e2:513 by WaterfallMC
[01:01:00] [main/INFO]: Loaded plugin cmd_list version git:cmd_list:1.19-R0.1-SNAPSHOT:f6069e2:513 by WaterfallMC
[01:01:00] [main/WARN]: :>:>:>:>:>:>:>:>:>:>:>:>:>:>:>:>:>:>:>:>:>:>:>
[01:01:00] [main/WARN]: :>  
[01:01:00] [main/WARN]: :>      EAGLERCRAFTXBUNGEE WARNING:
[01:01:00] [main/WARN]: :>  
[01:01:00] [main/WARN]: :>  This plugin wasn't tested to be 'working'
[01:01:00] [main/WARN]: :>  with ANY version of BungeeCord (and forks)
[01:01:00] [main/WARN]: :>  apart from the versions listed below:
[01:01:00] [main/WARN]: :>  
[01:01:00] [main/WARN]: :>  - BungeeCord: 1.20-R0.3-SNAPSHOT:eda268b:1797
[01:01:00] [main/WARN]: :>  - Waterfall: 1.20-R0.2-SNAPSHOT:92b5149:562
[01:01:00] [main/WARN]: :>  - FlameCord: 1.1.1
[01:01:00] [main/WARN]: :>  
[01:01:00] [main/WARN]: :>  This is not a Bukkit/Spigot plugin!
[01:01:00] [main/WARN]: :>  
[01:01:00] [main/WARN]: :>  Use "-Deaglerxbungee.stfu=true" to hide
[01:01:00] [main/WARN]: :>  
[01:01:00] [main/WARN]: :>:>:>:>:>:>:>:>:>:>:>:>:>:>:>:>:>:>:>:>:>:>:>
[01:01:00] [main/INFO] [EaglercraftXBungee]: Loading vanilla profile: lax1dude
[01:01:03] [Skin Download Thread #1/INFO] [EaglercraftXBungee]: Loaded vanilla profile: lax1dude
[01:01:03] [main/INFO]: Loaded plugin EaglercraftXBungee version 1.0.10 by lax1dude
[01:01:03] [main/WARN]: Forced host server pvp is not defined
[01:01:03] [main/INFO]: Enabled plugin reconnect_yaml version git:reconnect_yaml:1.19-R0.1-SNAPSHOT:f6069e2:513 by WaterfallMC
[01:01:03] [main/INFO]: Enabled plugin cmd_find version git:cmd_find:1.19-R0.1-SNAPSHOT:f6069e2:513 by WaterfallMC
[01:01:03] [main/INFO]: Enabled plugin cmd_server version git:cmd_server:1.19-R0.1-SNAPSHOT:f6069e2:513 by WaterfallMC
[01:01:03] [main/INFO]: Enabled plugin cmd_alert version git:cmd_alert:1.19-R0.1-SNAPSHOT:f6069e2:513 by WaterfallMC
[01:01:03] [main/INFO]: Enabled plugin cmd_send version git:cmd_send:1.19-R0.1-SNAPSHOT:f6069e2:513 by WaterfallMC
[01:01:03] [main/INFO]: Enabled plugin cmd_list version git:cmd_list:1.19-R0.1-SNAPSHOT:f6069e2:513 by WaterfallMC
[01:01:03] [main/ERROR] [EaglercraftXBungee]: Online mode is set to false! Authentication system has been disabled
[01:01:04] [Netty Worker IO Thread #0/INFO] [EaglercraftXBungee]: Eaglercraft is listening on: /0.0.0.0:8081
[01:01:05] [main/INFO] [EaglercraftXBungee]: Connected to database: jdbc:sqlite:eaglercraft_skins_cache.db
[01:01:05] [main/INFO]: Enabled plugin EaglercraftXBungee version 1.0.10 by lax1dude
[01:01:05] [EaglerXBungee: Network Tick Tasks/INFO] [EaglercraftXBungee]: Loaded certificate: /workspaces/server-test/bungee/plugins/EaglercraftXBungee/eagcert/$dl.2c63d6a9be9d273db57d50cb026093cb97ea6e54.cert
[01:01:05] [Netty Boss IO Thread #0/INFO]: Listening on /127.0.0.1:25577
[01:02:26] [Netty Worker IO Thread #3/INFO] [EaglercraftXBungee]: [/[0:0:0:0:0:0:0:1%0]:41176]: Connected via websocket
[01:02:26] [Netty Worker IO Thread #3/INFO] [EaglercraftXBungee]: [/[0:0:0:0:0:0:0:1%0]:41176]: Origin header is null
[01:02:26] [Netty Worker IO Thread #3/INFO] [EaglercraftXBungee]: [/[0:0:0:0:0:0:0:1%0]:41176]: Logged in as 'nickgaming'
[01:02:26] [Netty Worker IO Thread #3/INFO]: [/[0:0:0:0:0:0:0:1%0]:41176|nickgaming] -> UpstreamBridge has connected
[01:02:26] [Netty Worker IO Thread #3/INFO]: [nickgaming|/[0:0:0:0:0:0:0:1%0]:41176] <-> ServerConnector [lobby] has connected
[01:06:07] [Netty Worker IO Thread #3/INFO]: [/[0:0:0:0:0:0:0:1%0]:41176|nickgaming] -> UpstreamBridge has disconnected
[01:06:07] [Netty Worker IO Thread #3/INFO]: [nickgaming] disconnected with: Proxy lost connection to server.
[01:06:07] [Netty Worker IO Thread #3/INFO]: [/[0:0:0:0:0:0:0:1%0]:41176|nickgaming] <-> DownstreamBridge <-> [lobby] has disconnected
[01:24:38] [Netty Worker IO Thread #3/INFO] [EaglercraftXBungee]: [/[0:0:0:0:0:0:0:1%0]:56350]: Connected via websocket
[01:24:38] [Netty Worker IO Thread #3/INFO] [EaglercraftXBungee]: [/[0:0:0:0:0:0:0:1%0]:56350]: Origin header is null
[01:24:39] [Netty Worker IO Thread #3/INFO] [EaglercraftXBungee]: [/[0:0:0:0:0:0:0:1%0]:56350]: Logged in as 'nickgaming'
[01:24:39] [Netty Worker IO Thread #3/INFO]: [/[0:0:0:0:0:0:0:1%0]:56350|nickgaming] -> UpstreamBridge has connected
[01:24:39] [Netty Worker IO Thread #3/INFO]: [nickgaming|/[0:0:0:0:0:0:0:1%0]:56350] <-> ServerConnector [lobby] has connected
[01:24:50] [Netty Worker IO Thread #3/INFO]: [/[0:0:0:0:0:0:0:1%0]:56350|nickgaming] -> UpstreamBridge has disconnected
[01:24:50] [Netty Worker IO Thread #3/INFO]: [nickgaming] disconnected with: Proxy lost connection to server.
[01:24:50] [Netty Worker IO Thread #3/INFO]: [/[0:0:0:0:0:0:0:1%0]:56350|nickgaming] <-> DownstreamBridge <-> [lobby] has disconnected
